2025-02-15T11:48:38+00:00 DEBUG POST: https://ads.tiktok.com/marketing_api/api/developer/app/create_auto_approve/

{"business_platform":"PROD","smb_id":"tt4b_woocommerce_67b07f16cbd35httplocalhostlaviedesplanteswordpresswp-admin","smb_name":"PROD","redirect_url":"http:\/\/localhost\/la_vie_des_plantes\/wordpress\/wp-admin\/"}
 ajax: no
2025-02-15T11:48:39+00:00 DEBUG Tt4b_Mapi_Class::create_open_source_app: Response: 

HTTP/1.1 200 OK
Content-Type: application/json
X-Tt-Logid: 2025021511483867286EE763690282AC76,2025021511483867286EE763690282AC76
Strict-Transport-Security: max-age=31536000; includeSubDomains
x-tt-trace-host: 014fd3a5ca0938cff4f2f4653d850f65c0366383732171ae483b4e34acfe0333d99241172e041f88cdefc9d56c41027c3be32e7dcadcdaa007580da21b8506c565ad6fad5b093bac0b4523e371f3879f3be68d6fd8c75c8a2c527b7dc563aaa1cb10ddb65eb86b66063eb86cf096d4e373
x-tt-trace-id: 00-25021511483867286EE763690282AC76-0B529E5D4B22593C-00
Server: TLB
Content-Encoding: gzip
Content-Length: 218
X-Origin-Response-Time: 156,23.201.107.94
X-Akamai-Request-ID: f01441.d57fc4f
Date: Sat, 15 Feb 2025 11:48:39 GMT
X-Cache: TCP_MISS from a23-77-196-151.deploy.akamaitechnologies.com (AkamaiGHost/11.8.2-cebd4885bf42ba1e815e293c69ad1d4a) (-)
Connection: close
Vary: Accept-Encoding
X-Cache-Remote: TCP_MISS from a23-201-107-94.deploy.akamaitechnologies.com (AkamaiGHost/11.8.2-cebd4885bf42ba1e815e293c69ad1d4a) (-)
x-tt-trace-tag: id=16;cdn-cache=miss;type=dyn
Server-Timing: cdn-cache; desc=MISS, edge; dur=153, origin; dur=156
Server-Timing: inner; dur=121
X-Parent-Response-Time: 305,23.77.196.151

{"code":0,"msg":"ok","data":{"external_data_key":"a1a1e2a1-3844-4c31-b91b-6e312346bbd3","redirect_uri":"http:\/\/localhost\/la_vie_des_plantes\/wordpress\/wp-admin\/","app_id":"7471611519160188945","app_secret":"381143c1b18b16d158a8dd50980229264035002c"}}

2025-02-15T12:52:56+00:00 DEBUG Tt4b_Pixel_Class::inject_view_content_event: hit ViewContent
2025-02-15T12:52:56+00:00 DEBUG Tt4b_Pixel_Class::inject_view_content_event: Missing option "access_token"
